mode: atomic
go-park-mail-ru/2022_2_BugOverload/project/application/database/user.go:17.36,22.2 1 4
go-park-mail-ru/2022_2_BugOverload/project/application/database/user.go:25.54,31.2 4 5
go-park-mail-ru/2022_2_BugOverload/project/application/database/user.go:34.47,41.2 4 4
go-park-mail-ru/2022_2_BugOverload/project/application/database/user.go:44.68,45.27 1 3
go-park-mail-ru/2022_2_BugOverload/project/application/database/user.go:49.2,52.31 3 3
go-park-mail-ru/2022_2_BugOverload/project/application/database/user.go:45.27,47.3 1 0
go-park-mail-ru/2022_2_BugOverload/project/cors/cors.go:14.34,24.2 2 0
go-park-mail-ru/2022_2_BugOverload/project/application/handlers/auth/login.go:17.81,19.16 2 8
go-park-mail-ru/2022_2_BugOverload/project/application/handlers/auth/login.go:23.2,23.82 1 4
go-park-mail-ru/2022_2_BugOverload/project/application/handlers/auth/login.go:27.2,27.12 1 2
go-park-mail-ru/2022_2_BugOverload/project/application/handlers/auth/login.go:19.16,21.3 1 4
go-park-mail-ru/2022_2_BugOverload/project/application/handlers/auth/login.go:23.82,25.3 1 2
go-park-mail-ru/2022_2_BugOverload/project/application/handlers/auth/login.go:31.54,33.2 1 2
go-park-mail-ru/2022_2_BugOverload/project/application/handlers/auth/login.go:36.69,42.2 1 1
go-park-mail-ru/2022_2_BugOverload/project/application/handlers/auth/login.go:45.70,49.16 3 8
go-park-mail-ru/2022_2_BugOverload/project/application/handlers/auth/login.go:54.2,57.16 3 2
go-park-mail-ru/2022_2_BugOverload/project/application/handlers/auth/login.go:63.2,63.42 1 2
go-park-mail-ru/2022_2_BugOverload/project/application/handlers/auth/login.go:69.2,73.76 3 1
go-park-mail-ru/2022_2_BugOverload/project/application/handlers/auth/login.go:49.16,52.3 2 6
go-park-mail-ru/2022_2_BugOverload/project/application/handlers/auth/login.go:57.16,61.3 2 0
go-park-mail-ru/2022_2_BugOverload/project/application/handlers/auth/login.go:63.42,67.3 2 1
go-park-mail-ru/2022_2_BugOverload/project/application/handlers/auth/logout.go:17.82,18.34 1 0
go-park-mail-ru/2022_2_BugOverload/project/application/handlers/auth/logout.go:22.2,22.12 1 0
go-park-mail-ru/2022_2_BugOverload/project/application/handlers/auth/logout.go:18.34,20.3 1 0
go-park-mail-ru/2022_2_BugOverload/project/application/handlers/auth/logout.go:26.55,28.2 1 0
go-park-mail-ru/2022_2_BugOverload/project/application/handlers/auth/logout.go:31.71,35.16 3 4
go-park-mail-ru/2022_2_BugOverload/project/application/handlers/auth/logout.go:40.2,43.16 3 3
go-park-mail-ru/2022_2_BugOverload/project/application/handlers/auth/logout.go:48.2,50.44 2 1
go-park-mail-ru/2022_2_BugOverload/project/application/handlers/auth/logout.go:35.16,38.3 2 1
go-park-mail-ru/2022_2_BugOverload/project/application/handlers/auth/logout.go:43.16,46.3 2 2
go-park-mail-ru/2022_2_BugOverload/project/application/handlers/auth/signup.go:17.82,19.16 2 9
go-park-mail-ru/2022_2_BugOverload/project/application/handlers/auth/signup.go:23.2,23.80 1 5
go-park-mail-ru/2022_2_BugOverload/project/application/handlers/auth/signup.go:27.2,27.12 1 2
go-park-mail-ru/2022_2_BugOverload/project/application/handlers/auth/signup.go:19.16,21.3 1 4
go-park-mail-ru/2022_2_BugOverload/project/application/handlers/auth/signup.go:23.80,25.3 1 3
go-park-mail-ru/2022_2_BugOverload/project/application/handlers/auth/signup.go:31.55,33.2 1 2
go-park-mail-ru/2022_2_BugOverload/project/application/handlers/auth/signup.go:36.70,42.2 1 1
go-park-mail-ru/2022_2_BugOverload/project/application/handlers/auth/signup.go:45.71,49.16 3 9
go-park-mail-ru/2022_2_BugOverload/project/application/handlers/auth/signup.go:54.2,57.19 3 2
go-park-mail-ru/2022_2_BugOverload/project/application/handlers/auth/signup.go:63.2,69.75 4 1
go-park-mail-ru/2022_2_BugOverload/project/application/handlers/auth/signup.go:49.16,52.3 2 7
go-park-mail-ru/2022_2_BugOverload/project/application/handlers/auth/signup.go:57.19,61.3 2 1
go-park-mail-ru/2022_2_BugOverload/project/application/structs/film_collection.go:10.70,15.2 1 0
go-park-mail-ru/2022_2_BugOverload/project/application/structs/user.go:23.67,24.40 1 17
go-park-mail-ru/2022_2_BugOverload/project/application/structs/user.go:28.2,28.56 1 15
go-park-mail-ru/2022_2_BugOverload/project/application/structs/user.go:32.2,33.16 2 13
go-park-mail-ru/2022_2_BugOverload/project/application/structs/user.go:36.2,36.15 1 13
go-park-mail-ru/2022_2_BugOverload/project/application/structs/user.go:43.2,44.16 2 13
go-park-mail-ru/2022_2_BugOverload/project/application/structs/user.go:48.2,48.12 1 9
go-park-mail-ru/2022_2_BugOverload/project/application/structs/user.go:24.40,26.3 1 2
go-park-mail-ru/2022_2_BugOverload/project/application/structs/user.go:28.56,30.3 1 2
go-park-mail-ru/2022_2_BugOverload/project/application/structs/user.go:33.16,35.3 1 0
go-park-mail-ru/2022_2_BugOverload/project/application/structs/user.go:36.15,38.17 2 13
go-park-mail-ru/2022_2_BugOverload/project/application/structs/user.go:38.17,40.4 1 0
go-park-mail-ru/2022_2_BugOverload/project/application/structs/user.go:44.16,46.3 1 4
go-park-mail-ru/2022_2_BugOverload/project/webserver/serveroptions/server_options.go:20.65,24.16 3 0
go-park-mail-ru/2022_2_BugOverload/project/webserver/serveroptions/server_options.go:27.2,27.15 1 0
go-park-mail-ru/2022_2_BugOverload/project/webserver/serveroptions/server_options.go:34.2,35.16 2 0
go-park-mail-ru/2022_2_BugOverload/project/webserver/serveroptions/server_options.go:39.2,45.31 4 0
go-park-mail-ru/2022_2_BugOverload/project/webserver/serveroptions/server_options.go:50.2,51.16 2 0
go-park-mail-ru/2022_2_BugOverload/project/webserver/serveroptions/server_options.go:55.2,56.16 2 0
go-park-mail-ru/2022_2_BugOverload/project/webserver/serveroptions/server_options.go:60.2,61.16 2 0
go-park-mail-ru/2022_2_BugOverload/project/webserver/serveroptions/server_options.go:65.2,65.15 1 0
go-park-mail-ru/2022_2_BugOverload/project/webserver/serveroptions/server_options.go:24.16,26.3 1 0
go-park-mail-ru/2022_2_BugOverload/project/webserver/serveroptions/server_options.go:27.15,29.17 2 0
go-park-mail-ru/2022_2_BugOverload/project/webserver/serveroptions/server_options.go:29.17,31.4 1 0
go-park-mail-ru/2022_2_BugOverload/project/webserver/serveroptions/server_options.go:35.16,37.3 1 0
go-park-mail-ru/2022_2_BugOverload/project/webserver/serveroptions/server_options.go:45.31,48.3 2 0
go-park-mail-ru/2022_2_BugOverload/project/webserver/serveroptions/server_options.go:51.16,53.3 1 0
go-park-mail-ru/2022_2_BugOverload/project/webserver/serveroptions/server_options.go:56.16,58.3 1 0
go-park-mail-ru/2022_2_BugOverload/project/webserver/serveroptions/server_options.go:61.16,63.3 1 0
go-park-mail-ru/2022_2_BugOverload/project/webserver/serveroptions/server_options.go:68.52,69.63 1 0
go-park-mail-ru/2022_2_BugOverload/project/webserver/serveroptions/server_options.go:73.2,73.64 1 0
go-park-mail-ru/2022_2_BugOverload/project/webserver/serveroptions/server_options.go:77.2,77.12 1 0
go-park-mail-ru/2022_2_BugOverload/project/webserver/serveroptions/server_options.go:69.63,71.3 1 0
go-park-mail-ru/2022_2_BugOverload/project/webserver/serveroptions/server_options.go:73.64,75.3 1 0
go-park-mail-ru/2022_2_BugOverload/project/webserver/server.go:16.82,18.16 2 0
go-park-mail-ru/2022_2_BugOverload/project/webserver/server.go:24.2,36.16 5 0
go-park-mail-ru/2022_2_BugOverload/project/webserver/server.go:18.16,22.3 2 0
go-park-mail-ru/2022_2_BugOverload/project/webserver/server.go:36.16,40.3 2 0
go-park-mail-ru/2022_2_BugOverload/project/application/handlers/auth/auth.go:18.88,23.2 1 4
go-park-mail-ru/2022_2_BugOverload/project/application/handlers/auth/auth.go:31.80,32.34 1 7
go-park-mail-ru/2022_2_BugOverload/project/application/handlers/auth/auth.go:36.2,36.12 1 5
go-park-mail-ru/2022_2_BugOverload/project/application/handlers/auth/auth.go:32.34,34.3 1 2
go-park-mail-ru/2022_2_BugOverload/project/application/handlers/auth/auth.go:40.53,42.2 1 0
go-park-mail-ru/2022_2_BugOverload/project/application/handlers/auth/auth.go:45.68,51.2 1 1
go-park-mail-ru/2022_2_BugOverload/project/application/handlers/auth/auth.go:54.69,58.16 3 3
go-park-mail-ru/2022_2_BugOverload/project/application/handlers/auth/auth.go:63.2,66.16 3 2
go-park-mail-ru/2022_2_BugOverload/project/application/handlers/auth/auth.go:71.2,72.16 2 1
go-park-mail-ru/2022_2_BugOverload/project/application/handlers/auth/auth.go:77.2,77.75 1 1
go-park-mail-ru/2022_2_BugOverload/project/application/handlers/auth/auth.go:58.16,61.3 2 1
go-park-mail-ru/2022_2_BugOverload/project/application/handlers/auth/auth.go:66.16,69.3 2 1
go-park-mail-ru/2022_2_BugOverload/project/application/handlers/auth/auth.go:72.16,75.3 2 0
go-park-mail-ru/2022_2_BugOverload/project/application/database/films.go:17.36,263.2 1 0
go-park-mail-ru/2022_2_BugOverload/project/application/database/films.go:266.53,272.2 4 0
go-park-mail-ru/2022_2_BugOverload/project/application/database/films.go:275.48,276.26 1 0
go-park-mail-ru/2022_2_BugOverload/project/application/database/films.go:276.26,281.3 3 0
go-park-mail-ru/2022_2_BugOverload/project/application/database/films.go:285.67,286.28 1 0
go-park-mail-ru/2022_2_BugOverload/project/application/database/films.go:290.2,293.32 3 0
go-park-mail-ru/2022_2_BugOverload/project/application/database/films.go:286.28,288.3 1 0
go-park-mail-ru/2022_2_BugOverload/project/application/database/films.go:297.44,302.2 3 0
go-park-mail-ru/2022_2_BugOverload/project/application/database/films.go:305.39,309.29 1 0
go-park-mail-ru/2022_2_BugOverload/project/application/database/films.go:309.29,311.3 1 0
go-park-mail-ru/2022_2_BugOverload/project/application/httpwrapper/response.go:9.78,11.16 2 24
go-park-mail-ru/2022_2_BugOverload/project/application/httpwrapper/response.go:16.2,20.16 4 24
go-park-mail-ru/2022_2_BugOverload/project/application/httpwrapper/response.go:11.16,14.3 2 0
go-park-mail-ru/2022_2_BugOverload/project/application/httpwrapper/response.go:20.16,23.3 2 0
go-park-mail-ru/2022_2_BugOverload/project/router/route.go:14.108,33.2 12 0
go-park-mail-ru/2022_2_BugOverload/project/main.go:13.13,15.16 2 0
go-park-mail-ru/2022_2_BugOverload/project/main.go:20.2,28.48 6 0
go-park-mail-ru/2022_2_BugOverload/project/main.go:15.16,18.3 2 0
go-park-mail-ru/2022_2_BugOverload/project/application/database/cookie.go:21.40,26.2 1 4
go-park-mail-ru/2022_2_BugOverload/project/application/database/cookie.go:29.57,35.2 4 5
go-park-mail-ru/2022_2_BugOverload/project/application/database/cookie.go:38.54,58.2 8 6
go-park-mail-ru/2022_2_BugOverload/project/application/database/cookie.go:61.72,62.28 1 2
go-park-mail-ru/2022_2_BugOverload/project/application/database/cookie.go:66.2,69.32 3 1
go-park-mail-ru/2022_2_BugOverload/project/application/database/cookie.go:62.28,64.3 1 1
go-park-mail-ru/2022_2_BugOverload/project/application/database/cookie.go:73.70,74.28 1 3
go-park-mail-ru/2022_2_BugOverload/project/application/database/cookie.go:78.2,87.32 6 1
go-park-mail-ru/2022_2_BugOverload/project/application/database/cookie.go:74.28,76.3 1 2
go-park-mail-ru/2022_2_BugOverload/project/options/options.go:15.36,24.21 6 0
go-park-mail-ru/2022_2_BugOverload/project/options/options.go:28.2,28.15 1 0
go-park-mail-ru/2022_2_BugOverload/project/options/options.go:24.21,26.3 1 0
go-park-mail-ru/2022_2_BugOverload/project/options/options.go:32.40,33.30 1 0
go-park-mail-ru/2022_2_BugOverload/project/options/options.go:37.2,37.18 1 0
go-park-mail-ru/2022_2_BugOverload/project/options/options.go:41.2,41.12 1 0
go-park-mail-ru/2022_2_BugOverload/project/options/options.go:33.30,35.3 1 0
go-park-mail-ru/2022_2_BugOverload/project/options/options.go:37.18,39.3 1 0
go-park-mail-ru/2022_2_BugOverload/project/application/httpwrapper/handler_error.go:14.56,19.60 2 20
go-park-mail-ru/2022_2_BugOverload/project/application/httpwrapper/handler_error.go:24.2,24.116 1 18
go-park-mail-ru/2022_2_BugOverload/project/application/httpwrapper/handler_error.go:29.2,29.52 1 14
go-park-mail-ru/2022_2_BugOverload/project/application/httpwrapper/handler_error.go:34.2,34.45 1 14
go-park-mail-ru/2022_2_BugOverload/project/application/httpwrapper/handler_error.go:19.60,22.3 2 2
go-park-mail-ru/2022_2_BugOverload/project/application/httpwrapper/handler_error.go:24.116,27.3 2 4
go-park-mail-ru/2022_2_BugOverload/project/application/httpwrapper/handler_error.go:29.52,32.3 2 0
go-park-mail-ru/2022_2_BugOverload/project/application/handlers/content/films.go:19.62,23.2 1 0
go-park-mail-ru/2022_2_BugOverload/project/application/handlers/content/films.go:31.60,40.2 1 0
go-park-mail-ru/2022_2_BugOverload/project/application/handlers/content/films.go:43.73,45.2 1 0
go-park-mail-ru/2022_2_BugOverload/project/application/handlers/content/films.go:48.81,52.42 3 0
go-park-mail-ru/2022_2_BugOverload/project/application/handlers/content/films.go:56.2,56.34 1 0
go-park-mail-ru/2022_2_BugOverload/project/application/handlers/content/films.go:64.2,64.49 1 0
go-park-mail-ru/2022_2_BugOverload/project/application/handlers/content/films.go:70.2,72.50 2 0
go-park-mail-ru/2022_2_BugOverload/project/application/handlers/content/films.go:52.42,54.3 1 0
go-park-mail-ru/2022_2_BugOverload/project/application/handlers/content/films.go:56.34,58.17 2 0
go-park-mail-ru/2022_2_BugOverload/project/application/handlers/content/films.go:61.3,61.35 1 0
go-park-mail-ru/2022_2_BugOverload/project/application/handlers/content/films.go:58.17,59.12 1 0
go-park-mail-ru/2022_2_BugOverload/project/application/handlers/content/films.go:64.49,68.3 2 0
go-park-mail-ru/2022_2_BugOverload/project/application/handlers/content/films.go:81.61,90.2 1 0
go-park-mail-ru/2022_2_BugOverload/project/application/handlers/content/films.go:93.74,95.2 1 0
go-park-mail-ru/2022_2_BugOverload/project/application/handlers/content/films.go:98.82,103.38 3 0
go-park-mail-ru/2022_2_BugOverload/project/application/handlers/content/films.go:106.2,106.43 1 0
go-park-mail-ru/2022_2_BugOverload/project/application/handlers/content/films.go:110.2,110.44 1 0
go-park-mail-ru/2022_2_BugOverload/project/application/handlers/content/films.go:119.2,119.46 1 0
go-park-mail-ru/2022_2_BugOverload/project/application/handlers/content/films.go:125.2,127.50 2 0
go-park-mail-ru/2022_2_BugOverload/project/application/handlers/content/films.go:103.38,105.3 1 0
go-park-mail-ru/2022_2_BugOverload/project/application/handlers/content/films.go:106.43,108.3 1 0
go-park-mail-ru/2022_2_BugOverload/project/application/handlers/content/films.go:110.44,112.17 2 0
go-park-mail-ru/2022_2_BugOverload/project/application/handlers/content/films.go:116.3,116.32 1 0
go-park-mail-ru/2022_2_BugOverload/project/application/handlers/content/films.go:112.17,113.12 1 0
go-park-mail-ru/2022_2_BugOverload/project/application/handlers/content/films.go:119.46,123.3 2 0
go-park-mail-ru/2022_2_BugOverload/project/application/handlers/content/films.go:136.61,146.2 1 0
go-park-mail-ru/2022_2_BugOverload/project/application/handlers/content/films.go:149.64,151.2 1 0
go-park-mail-ru/2022_2_BugOverload/project/application/handlers/content/films.go:154.84,160.14 4 0
go-park-mail-ru/2022_2_BugOverload/project/application/handlers/content/films.go:165.2,166.16 2 0
go-park-mail-ru/2022_2_BugOverload/project/application/handlers/content/films.go:171.2,175.50 3 0
go-park-mail-ru/2022_2_BugOverload/project/application/handlers/content/films.go:160.14,163.3 2 0
go-park-mail-ru/2022_2_BugOverload/project/application/handlers/content/films.go:166.16,169.3 2 0
go-park-mail-ru/2022_2_BugOverload/project/webserver/serveroptions/server_options.go:20.65,24.16 3 0
go-park-mail-ru/2022_2_BugOverload/project/webserver/serveroptions/server_options.go:27.2,27.15 1 0
go-park-mail-ru/2022_2_BugOverload/project/webserver/serveroptions/server_options.go:34.2,35.16 2 0
go-park-mail-ru/2022_2_BugOverload/project/webserver/serveroptions/server_options.go:39.2,45.31 4 0
go-park-mail-ru/2022_2_BugOverload/project/webserver/serveroptions/server_options.go:50.2,51.16 2 0
go-park-mail-ru/2022_2_BugOverload/project/webserver/serveroptions/server_options.go:55.2,56.16 2 0
go-park-mail-ru/2022_2_BugOverload/project/webserver/serveroptions/server_options.go:60.2,61.16 2 0
go-park-mail-ru/2022_2_BugOverload/project/webserver/serveroptions/server_options.go:65.2,65.15 1 0
go-park-mail-ru/2022_2_BugOverload/project/webserver/serveroptions/server_options.go:24.16,26.3 1 0
go-park-mail-ru/2022_2_BugOverload/project/webserver/serveroptions/server_options.go:27.15,29.17 2 0
go-park-mail-ru/2022_2_BugOverload/project/webserver/serveroptions/server_options.go:29.17,31.4 1 0
go-park-mail-ru/2022_2_BugOverload/project/webserver/serveroptions/server_options.go:35.16,37.3 1 0
go-park-mail-ru/2022_2_BugOverload/project/webserver/serveroptions/server_options.go:45.31,48.3 2 0
go-park-mail-ru/2022_2_BugOverload/project/webserver/serveroptions/server_options.go:51.16,53.3 1 0
go-park-mail-ru/2022_2_BugOverload/project/webserver/serveroptions/server_options.go:56.16,58.3 1 0
go-park-mail-ru/2022_2_BugOverload/project/webserver/serveroptions/server_options.go:61.16,63.3 1 0
go-park-mail-ru/2022_2_BugOverload/project/webserver/serveroptions/server_options.go:68.52,69.63 1 0
go-park-mail-ru/2022_2_BugOverload/project/webserver/serveroptions/server_options.go:73.2,73.64 1 0
go-park-mail-ru/2022_2_BugOverload/project/webserver/serveroptions/server_options.go:77.2,77.12 1 0
go-park-mail-ru/2022_2_BugOverload/project/webserver/serveroptions/server_options.go:69.63,71.3 1 0
go-park-mail-ru/2022_2_BugOverload/project/webserver/serveroptions/server_options.go:73.64,75.3 1 0
go-park-mail-ru/2022_2_BugOverload/project/application/handlers/content/films.go:19.62,23.2 1 4
go-park-mail-ru/2022_2_BugOverload/project/application/handlers/content/films.go:31.60,40.2 1 12
go-park-mail-ru/2022_2_BugOverload/project/application/handlers/content/films.go:43.73,45.2 1 1
go-park-mail-ru/2022_2_BugOverload/project/application/handlers/content/films.go:48.81,52.42 3 2
go-park-mail-ru/2022_2_BugOverload/project/application/handlers/content/films.go:56.2,56.34 1 2
go-park-mail-ru/2022_2_BugOverload/project/application/handlers/content/films.go:64.2,64.49 1 2
go-park-mail-ru/2022_2_BugOverload/project/application/handlers/content/films.go:70.2,72.50 2 1
go-park-mail-ru/2022_2_BugOverload/project/application/handlers/content/films.go:52.42,54.3 1 1
go-park-mail-ru/2022_2_BugOverload/project/application/handlers/content/films.go:56.34,58.17 2 12
go-park-mail-ru/2022_2_BugOverload/project/application/handlers/content/films.go:61.3,61.35 1 12
go-park-mail-ru/2022_2_BugOverload/project/application/handlers/content/films.go:58.17,59.12 1 0
go-park-mail-ru/2022_2_BugOverload/project/application/handlers/content/films.go:64.49,68.3 2 1
go-park-mail-ru/2022_2_BugOverload/project/application/handlers/content/films.go:81.61,90.2 1 14
go-park-mail-ru/2022_2_BugOverload/project/application/handlers/content/films.go:93.74,95.2 1 1
go-park-mail-ru/2022_2_BugOverload/project/application/handlers/content/films.go:98.82,103.38 3 2
go-park-mail-ru/2022_2_BugOverload/project/application/handlers/content/films.go:106.2,106.43 1 2
go-park-mail-ru/2022_2_BugOverload/project/application/handlers/content/films.go:110.2,110.44 1 2
go-park-mail-ru/2022_2_BugOverload/project/application/handlers/content/films.go:119.2,119.46 1 2
go-park-mail-ru/2022_2_BugOverload/project/application/handlers/content/films.go:125.2,127.50 2 1
go-park-mail-ru/2022_2_BugOverload/project/application/handlers/content/films.go:103.38,105.3 1 1
go-park-mail-ru/2022_2_BugOverload/project/application/handlers/content/films.go:106.43,108.3 1 1
go-park-mail-ru/2022_2_BugOverload/project/application/handlers/content/films.go:110.44,112.17 2 15
go-park-mail-ru/2022_2_BugOverload/project/application/handlers/content/films.go:116.3,116.32 1 14
go-park-mail-ru/2022_2_BugOverload/project/application/handlers/content/films.go:112.17,113.12 1 1
go-park-mail-ru/2022_2_BugOverload/project/application/handlers/content/films.go:119.46,123.3 2 1
go-park-mail-ru/2022_2_BugOverload/project/application/handlers/content/films.go:136.61,146.2 1 1
go-park-mail-ru/2022_2_BugOverload/project/application/handlers/content/films.go:149.64,151.2 1 1
go-park-mail-ru/2022_2_BugOverload/project/application/handlers/content/films.go:154.84,160.14 4 2
go-park-mail-ru/2022_2_BugOverload/project/application/handlers/content/films.go:165.2,166.16 2 1
go-park-mail-ru/2022_2_BugOverload/project/application/handlers/content/films.go:171.2,175.50 3 1
go-park-mail-ru/2022_2_BugOverload/project/application/handlers/content/films.go:160.14,163.3 2 1
go-park-mail-ru/2022_2_BugOverload/project/application/handlers/content/films.go:166.16,169.3 2 0
go-park-mail-ru/2022_2_BugOverload/project/cors/cors.go:14.34,24.2 2 0
go-park-mail-ru/2022_2_BugOverload/project/application/httpwrapper/handler_error.go:14.56,19.60 2 3
go-park-mail-ru/2022_2_BugOverload/project/application/httpwrapper/handler_error.go:24.2,24.116 1 3
go-park-mail-ru/2022_2_BugOverload/project/application/httpwrapper/handler_error.go:29.2,29.52 1 3
go-park-mail-ru/2022_2_BugOverload/project/application/httpwrapper/handler_error.go:34.2,34.45 1 0
go-park-mail-ru/2022_2_BugOverload/project/application/httpwrapper/handler_error.go:19.60,22.3 2 0
go-park-mail-ru/2022_2_BugOverload/project/application/httpwrapper/handler_error.go:24.116,27.3 2 0
go-park-mail-ru/2022_2_BugOverload/project/application/httpwrapper/handler_error.go:29.52,32.3 2 3
go-park-mail-ru/2022_2_BugOverload/project/application/handlers/auth/auth.go:18.88,23.2 1 0
go-park-mail-ru/2022_2_BugOverload/project/application/handlers/auth/auth.go:31.80,32.34 1 0
go-park-mail-ru/2022_2_BugOverload/project/application/handlers/auth/auth.go:36.2,36.12 1 0
go-park-mail-ru/2022_2_BugOverload/project/application/handlers/auth/auth.go:32.34,34.3 1 0
go-park-mail-ru/2022_2_BugOverload/project/application/handlers/auth/auth.go:40.53,42.2 1 0
go-park-mail-ru/2022_2_BugOverload/project/application/handlers/auth/auth.go:45.68,51.2 1 0
go-park-mail-ru/2022_2_BugOverload/project/application/handlers/auth/auth.go:54.69,58.16 3 0
go-park-mail-ru/2022_2_BugOverload/project/application/handlers/auth/auth.go:63.2,66.16 3 0
go-park-mail-ru/2022_2_BugOverload/project/application/handlers/auth/auth.go:71.2,72.16 2 0
go-park-mail-ru/2022_2_BugOverload/project/application/handlers/auth/auth.go:77.2,77.75 1 0
go-park-mail-ru/2022_2_BugOverload/project/application/handlers/auth/auth.go:58.16,61.3 2 0
go-park-mail-ru/2022_2_BugOverload/project/application/handlers/auth/auth.go:66.16,69.3 2 0
go-park-mail-ru/2022_2_BugOverload/project/application/handlers/auth/auth.go:72.16,75.3 2 0
go-park-mail-ru/2022_2_BugOverload/project/application/handlers/auth/logout.go:17.82,18.34 1 0
go-park-mail-ru/2022_2_BugOverload/project/application/handlers/auth/logout.go:22.2,22.12 1 0
go-park-mail-ru/2022_2_BugOverload/project/application/handlers/auth/logout.go:18.34,20.3 1 0
go-park-mail-ru/2022_2_BugOverload/project/application/handlers/auth/logout.go:26.55,28.2 1 0
go-park-mail-ru/2022_2_BugOverload/project/application/handlers/auth/logout.go:31.71,35.16 3 0
go-park-mail-ru/2022_2_BugOverload/project/application/handlers/auth/logout.go:40.2,43.16 3 0
go-park-mail-ru/2022_2_BugOverload/project/application/handlers/auth/logout.go:48.2,50.44 2 0
go-park-mail-ru/2022_2_BugOverload/project/application/handlers/auth/logout.go:35.16,38.3 2 0
go-park-mail-ru/2022_2_BugOverload/project/application/handlers/auth/logout.go:43.16,46.3 2 0
go-park-mail-ru/2022_2_BugOverload/project/webserver/server.go:16.82,18.16 2 0
go-park-mail-ru/2022_2_BugOverload/project/webserver/server.go:24.2,36.16 5 0
go-park-mail-ru/2022_2_BugOverload/project/webserver/server.go:18.16,22.3 2 0
go-park-mail-ru/2022_2_BugOverload/project/webserver/server.go:36.16,40.3 2 0
go-park-mail-ru/2022_2_BugOverload/project/application/database/cookie.go:21.40,26.2 1 0
go-park-mail-ru/2022_2_BugOverload/project/application/database/cookie.go:29.57,35.2 4 0
go-park-mail-ru/2022_2_BugOverload/project/application/database/cookie.go:38.54,58.2 8 0
go-park-mail-ru/2022_2_BugOverload/project/application/database/cookie.go:61.72,62.28 1 0
go-park-mail-ru/2022_2_BugOverload/project/application/database/cookie.go:66.2,69.32 3 0
go-park-mail-ru/2022_2_BugOverload/project/application/database/cookie.go:62.28,64.3 1 0
go-park-mail-ru/2022_2_BugOverload/project/application/database/cookie.go:73.70,74.28 1 0
go-park-mail-ru/2022_2_BugOverload/project/application/database/cookie.go:78.2,87.32 6 0
go-park-mail-ru/2022_2_BugOverload/project/application/database/cookie.go:74.28,76.3 1 0
go-park-mail-ru/2022_2_BugOverload/project/options/options.go:15.36,24.21 6 0
go-park-mail-ru/2022_2_BugOverload/project/options/options.go:28.2,28.15 1 0
go-park-mail-ru/2022_2_BugOverload/project/options/options.go:24.21,26.3 1 0
go-park-mail-ru/2022_2_BugOverload/project/options/options.go:32.40,33.30 1 0
go-park-mail-ru/2022_2_BugOverload/project/options/options.go:37.2,37.18 1 0
go-park-mail-ru/2022_2_BugOverload/project/options/options.go:41.2,41.12 1 0
go-park-mail-ru/2022_2_BugOverload/project/options/options.go:33.30,35.3 1 0
go-park-mail-ru/2022_2_BugOverload/project/options/options.go:37.18,39.3 1 0
go-park-mail-ru/2022_2_BugOverload/project/application/handlers/auth/signup.go:17.82,19.16 2 0
go-park-mail-ru/2022_2_BugOverload/project/application/handlers/auth/signup.go:23.2,23.80 1 0
go-park-mail-ru/2022_2_BugOverload/project/application/handlers/auth/signup.go:27.2,27.12 1 0
go-park-mail-ru/2022_2_BugOverload/project/application/handlers/auth/signup.go:19.16,21.3 1 0
go-park-mail-ru/2022_2_BugOverload/project/application/handlers/auth/signup.go:23.80,25.3 1 0
go-park-mail-ru/2022_2_BugOverload/project/application/handlers/auth/signup.go:31.55,33.2 1 0
go-park-mail-ru/2022_2_BugOverload/project/application/handlers/auth/signup.go:36.70,42.2 1 0
go-park-mail-ru/2022_2_BugOverload/project/application/handlers/auth/signup.go:45.71,49.16 3 0
go-park-mail-ru/2022_2_BugOverload/project/application/handlers/auth/signup.go:54.2,57.19 3 0
go-park-mail-ru/2022_2_BugOverload/project/application/handlers/auth/signup.go:63.2,69.75 4 0
go-park-mail-ru/2022_2_BugOverload/project/application/handlers/auth/signup.go:49.16,52.3 2 0
go-park-mail-ru/2022_2_BugOverload/project/application/handlers/auth/signup.go:57.19,61.3 2 0
go-park-mail-ru/2022_2_BugOverload/project/application/handlers/auth/login.go:17.81,19.16 2 0
go-park-mail-ru/2022_2_BugOverload/project/application/handlers/auth/login.go:23.2,23.82 1 0
go-park-mail-ru/2022_2_BugOverload/project/application/handlers/auth/login.go:27.2,27.12 1 0
go-park-mail-ru/2022_2_BugOverload/project/application/handlers/auth/login.go:19.16,21.3 1 0
go-park-mail-ru/2022_2_BugOverload/project/application/handlers/auth/login.go:23.82,25.3 1 0
go-park-mail-ru/2022_2_BugOverload/project/application/handlers/auth/login.go:31.54,33.2 1 0
go-park-mail-ru/2022_2_BugOverload/project/application/handlers/auth/login.go:36.69,42.2 1 0
go-park-mail-ru/2022_2_BugOverload/project/application/handlers/auth/login.go:45.70,49.16 3 0
go-park-mail-ru/2022_2_BugOverload/project/application/handlers/auth/login.go:54.2,57.16 3 0
go-park-mail-ru/2022_2_BugOverload/project/application/handlers/auth/login.go:63.2,63.42 1 0
go-park-mail-ru/2022_2_BugOverload/project/application/handlers/auth/login.go:69.2,73.76 3 0
go-park-mail-ru/2022_2_BugOverload/project/application/handlers/auth/login.go:49.16,52.3 2 0
go-park-mail-ru/2022_2_BugOverload/project/application/handlers/auth/login.go:57.16,61.3 2 0
go-park-mail-ru/2022_2_BugOverload/project/application/handlers/auth/login.go:63.42,67.3 2 0
go-park-mail-ru/2022_2_BugOverload/project/router/route.go:14.108,33.2 12 0
go-park-mail-ru/2022_2_BugOverload/project/main.go:13.13,15.16 2 0
go-park-mail-ru/2022_2_BugOverload/project/main.go:20.2,28.48 6 0
go-park-mail-ru/2022_2_BugOverload/project/main.go:15.16,18.3 2 0
go-park-mail-ru/2022_2_BugOverload/project/application/structs/user.go:23.67,24.40 1 0
go-park-mail-ru/2022_2_BugOverload/project/application/structs/user.go:28.2,28.56 1 0
go-park-mail-ru/2022_2_BugOverload/project/application/structs/user.go:32.2,33.16 2 0
go-park-mail-ru/2022_2_BugOverload/project/application/structs/user.go:36.2,36.15 1 0
go-park-mail-ru/2022_2_BugOverload/project/application/structs/user.go:43.2,44.16 2 0
go-park-mail-ru/2022_2_BugOverload/project/application/structs/user.go:48.2,48.12 1 0
go-park-mail-ru/2022_2_BugOverload/project/application/structs/user.go:24.40,26.3 1 0
go-park-mail-ru/2022_2_BugOverload/project/application/structs/user.go:28.56,30.3 1 0
go-park-mail-ru/2022_2_BugOverload/project/application/structs/user.go:33.16,35.3 1 0
go-park-mail-ru/2022_2_BugOverload/project/application/structs/user.go:36.15,38.17 2 0
go-park-mail-ru/2022_2_BugOverload/project/application/structs/user.go:38.17,40.4 1 0
go-park-mail-ru/2022_2_BugOverload/project/application/structs/user.go:44.16,46.3 1 0
go-park-mail-ru/2022_2_BugOverload/project/application/database/films.go:17.36,263.2 1 4
go-park-mail-ru/2022_2_BugOverload/project/application/database/films.go:266.53,272.2 4 55
go-park-mail-ru/2022_2_BugOverload/project/application/database/films.go:275.48,276.26 1 0
go-park-mail-ru/2022_2_BugOverload/project/application/database/films.go:276.26,281.3 3 0
go-park-mail-ru/2022_2_BugOverload/project/application/database/films.go:285.67,286.28 1 55
go-park-mail-ru/2022_2_BugOverload/project/application/database/films.go:290.2,293.32 3 54
go-park-mail-ru/2022_2_BugOverload/project/application/database/films.go:286.28,288.3 1 1
go-park-mail-ru/2022_2_BugOverload/project/application/database/films.go:297.44,302.2 3 12
go-park-mail-ru/2022_2_BugOverload/project/application/database/films.go:305.39,309.29 1 1
go-park-mail-ru/2022_2_BugOverload/project/application/database/films.go:309.29,311.3 1 1
go-park-mail-ru/2022_2_BugOverload/project/application/database/user.go:17.36,22.2 1 0
go-park-mail-ru/2022_2_BugOverload/project/application/database/user.go:25.54,31.2 4 0
go-park-mail-ru/2022_2_BugOverload/project/application/database/user.go:34.47,41.2 4 0
go-park-mail-ru/2022_2_BugOverload/project/application/database/user.go:44.68,45.27 1 0
go-park-mail-ru/2022_2_BugOverload/project/application/database/user.go:49.2,52.31 3 0
go-park-mail-ru/2022_2_BugOverload/project/application/database/user.go:45.27,47.3 1 0
go-park-mail-ru/2022_2_BugOverload/project/application/httpwrapper/response.go:9.78,11.16 2 6
go-park-mail-ru/2022_2_BugOverload/project/application/httpwrapper/response.go:16.2,20.16 4 6
go-park-mail-ru/2022_2_BugOverload/project/application/httpwrapper/response.go:11.16,14.3 2 0
go-park-mail-ru/2022_2_BugOverload/project/application/httpwrapper/response.go:20.16,23.3 2 0
go-park-mail-ru/2022_2_BugOverload/project/application/structs/film_collection.go:10.70,15.2 1 2
go-park-mail-ru/2022_2_BugOverload/project/webserver/serveroptions/server_options.go:20.65,24.16 3 0
go-park-mail-ru/2022_2_BugOverload/project/webserver/serveroptions/server_options.go:27.2,27.15 1 0
go-park-mail-ru/2022_2_BugOverload/project/webserver/serveroptions/server_options.go:34.2,35.16 2 0
go-park-mail-ru/2022_2_BugOverload/project/webserver/serveroptions/server_options.go:39.2,45.31 4 0
go-park-mail-ru/2022_2_BugOverload/project/webserver/serveroptions/server_options.go:50.2,51.16 2 0
go-park-mail-ru/2022_2_BugOverload/project/webserver/serveroptions/server_options.go:55.2,56.16 2 0
go-park-mail-ru/2022_2_BugOverload/project/webserver/serveroptions/server_options.go:60.2,61.16 2 0
go-park-mail-ru/2022_2_BugOverload/project/webserver/serveroptions/server_options.go:65.2,65.15 1 0
go-park-mail-ru/2022_2_BugOverload/project/webserver/serveroptions/server_options.go:24.16,26.3 1 0
go-park-mail-ru/2022_2_BugOverload/project/webserver/serveroptions/server_options.go:27.15,29.17 2 0
go-park-mail-ru/2022_2_BugOverload/project/webserver/serveroptions/server_options.go:29.17,31.4 1 0
go-park-mail-ru/2022_2_BugOverload/project/webserver/serveroptions/server_options.go:35.16,37.3 1 0
go-park-mail-ru/2022_2_BugOverload/project/webserver/serveroptions/server_options.go:45.31,48.3 2 0
go-park-mail-ru/2022_2_BugOverload/project/webserver/serveroptions/server_options.go:51.16,53.3 1 0
go-park-mail-ru/2022_2_BugOverload/project/webserver/serveroptions/server_options.go:56.16,58.3 1 0
go-park-mail-ru/2022_2_BugOverload/project/webserver/serveroptions/server_options.go:61.16,63.3 1 0
go-park-mail-ru/2022_2_BugOverload/project/webserver/serveroptions/server_options.go:68.52,69.63 1 0
go-park-mail-ru/2022_2_BugOverload/project/webserver/serveroptions/server_options.go:73.2,73.64 1 0
go-park-mail-ru/2022_2_BugOverload/project/webserver/serveroptions/server_options.go:77.2,77.12 1 0
go-park-mail-ru/2022_2_BugOverload/project/webserver/serveroptions/server_options.go:69.63,71.3 1 0
go-park-mail-ru/2022_2_BugOverload/project/webserver/serveroptions/server_options.go:73.64,75.3 1 0
go-park-mail-ru/2022_2_BugOverload/project/application/handlers/auth/login.go:17.81,19.16 2 0
go-park-mail-ru/2022_2_BugOverload/project/application/handlers/auth/login.go:23.2,23.82 1 0
go-park-mail-ru/2022_2_BugOverload/project/application/handlers/auth/login.go:27.2,27.12 1 0
go-park-mail-ru/2022_2_BugOverload/project/application/handlers/auth/login.go:19.16,21.3 1 0
go-park-mail-ru/2022_2_BugOverload/project/application/handlers/auth/login.go:23.82,25.3 1 0
go-park-mail-ru/2022_2_BugOverload/project/application/handlers/auth/login.go:31.54,33.2 1 0
go-park-mail-ru/2022_2_BugOverload/project/application/handlers/auth/login.go:36.69,42.2 1 0
go-park-mail-ru/2022_2_BugOverload/project/application/handlers/auth/login.go:45.70,49.16 3 0
go-park-mail-ru/2022_2_BugOverload/project/application/handlers/auth/login.go:54.2,57.16 3 0
go-park-mail-ru/2022_2_BugOverload/project/application/handlers/auth/login.go:63.2,63.42 1 0
go-park-mail-ru/2022_2_BugOverload/project/application/handlers/auth/login.go:69.2,73.76 3 0
go-park-mail-ru/2022_2_BugOverload/project/application/handlers/auth/login.go:49.16,52.3 2 0
go-park-mail-ru/2022_2_BugOverload/project/application/handlers/auth/login.go:57.16,61.3 2 0
go-park-mail-ru/2022_2_BugOverload/project/application/handlers/auth/login.go:63.42,67.3 2 0
go-park-mail-ru/2022_2_BugOverload/project/router/route.go:14.108,33.2 12 0
go-park-mail-ru/2022_2_BugOverload/project/application/httpwrapper/handler_error.go:14.56,19.60 2 0
go-park-mail-ru/2022_2_BugOverload/project/application/httpwrapper/handler_error.go:24.2,24.116 1 0
go-park-mail-ru/2022_2_BugOverload/project/application/httpwrapper/handler_error.go:29.2,29.52 1 0
go-park-mail-ru/2022_2_BugOverload/project/application/httpwrapper/handler_error.go:34.2,34.45 1 0
go-park-mail-ru/2022_2_BugOverload/project/application/httpwrapper/handler_error.go:19.60,22.3 2 0
go-park-mail-ru/2022_2_BugOverload/project/application/httpwrapper/handler_error.go:24.116,27.3 2 0
go-park-mail-ru/2022_2_BugOverload/project/application/httpwrapper/handler_error.go:29.52,32.3 2 0
go-park-mail-ru/2022_2_BugOverload/project/application/handlers/auth/signup.go:17.82,19.16 2 0
go-park-mail-ru/2022_2_BugOverload/project/application/handlers/auth/signup.go:23.2,23.80 1 0
go-park-mail-ru/2022_2_BugOverload/project/application/handlers/auth/signup.go:27.2,27.12 1 0
go-park-mail-ru/2022_2_BugOverload/project/application/handlers/auth/signup.go:19.16,21.3 1 0
go-park-mail-ru/2022_2_BugOverload/project/application/handlers/auth/signup.go:23.80,25.3 1 0
go-park-mail-ru/2022_2_BugOverload/project/application/handlers/auth/signup.go:31.55,33.2 1 0
go-park-mail-ru/2022_2_BugOverload/project/application/handlers/auth/signup.go:36.70,42.2 1 0
go-park-mail-ru/2022_2_BugOverload/project/application/handlers/auth/signup.go:45.71,49.16 3 0
go-park-mail-ru/2022_2_BugOverload/project/application/handlers/auth/signup.go:54.2,57.19 3 0
go-park-mail-ru/2022_2_BugOverload/project/application/handlers/auth/signup.go:63.2,69.75 4 0
go-park-mail-ru/2022_2_BugOverload/project/application/handlers/auth/signup.go:49.16,52.3 2 0
go-park-mail-ru/2022_2_BugOverload/project/application/handlers/auth/signup.go:57.19,61.3 2 0
go-park-mail-ru/2022_2_BugOverload/project/main.go:13.13,15.16 2 0
go-park-mail-ru/2022_2_BugOverload/project/main.go:20.2,28.48 6 0
go-park-mail-ru/2022_2_BugOverload/project/main.go:15.16,18.3 2 0
go-park-mail-ru/2022_2_BugOverload/project/options/options.go:15.36,24.21 6 0
go-park-mail-ru/2022_2_BugOverload/project/options/options.go:28.2,28.15 1 0
go-park-mail-ru/2022_2_BugOverload/project/options/options.go:24.21,26.3 1 0
go-park-mail-ru/2022_2_BugOverload/project/options/options.go:32.40,33.30 1 0
go-park-mail-ru/2022_2_BugOverload/project/options/options.go:37.2,37.18 1 0
go-park-mail-ru/2022_2_BugOverload/project/options/options.go:41.2,41.12 1 0
go-park-mail-ru/2022_2_BugOverload/project/options/options.go:33.30,35.3 1 0
go-park-mail-ru/2022_2_BugOverload/project/options/options.go:37.18,39.3 1 0
go-park-mail-ru/2022_2_BugOverload/project/cors/cors.go:14.34,24.2 2 0
go-park-mail-ru/2022_2_BugOverload/project/application/httpwrapper/response.go:9.78,11.16 2 0
go-park-mail-ru/2022_2_BugOverload/project/application/httpwrapper/response.go:16.2,20.16 4 0
go-park-mail-ru/2022_2_BugOverload/project/application/httpwrapper/response.go:11.16,14.3 2 0
go-park-mail-ru/2022_2_BugOverload/project/application/httpwrapper/response.go:20.16,23.3 2 0
go-park-mail-ru/2022_2_BugOverload/project/application/handlers/auth/auth.go:18.88,23.2 1 0
go-park-mail-ru/2022_2_BugOverload/project/application/handlers/auth/auth.go:31.80,32.34 1 0
go-park-mail-ru/2022_2_BugOverload/project/application/handlers/auth/auth.go:36.2,36.12 1 0
go-park-mail-ru/2022_2_BugOverload/project/application/handlers/auth/auth.go:32.34,34.3 1 0
go-park-mail-ru/2022_2_BugOverload/project/application/handlers/auth/auth.go:40.53,42.2 1 0
go-park-mail-ru/2022_2_BugOverload/project/application/handlers/auth/auth.go:45.68,51.2 1 0
go-park-mail-ru/2022_2_BugOverload/project/application/handlers/auth/auth.go:54.69,58.16 3 0
go-park-mail-ru/2022_2_BugOverload/project/application/handlers/auth/auth.go:63.2,66.16 3 0
go-park-mail-ru/2022_2_BugOverload/project/application/handlers/auth/auth.go:71.2,72.16 2 0
go-park-mail-ru/2022_2_BugOverload/project/application/handlers/auth/auth.go:77.2,77.75 1 0
go-park-mail-ru/2022_2_BugOverload/project/application/handlers/auth/auth.go:58.16,61.3 2 0
go-park-mail-ru/2022_2_BugOverload/project/application/handlers/auth/auth.go:66.16,69.3 2 0
go-park-mail-ru/2022_2_BugOverload/project/application/handlers/auth/auth.go:72.16,75.3 2 0
go-park-mail-ru/2022_2_BugOverload/project/application/handlers/auth/logout.go:17.82,18.34 1 0
go-park-mail-ru/2022_2_BugOverload/project/application/handlers/auth/logout.go:22.2,22.12 1 0
go-park-mail-ru/2022_2_BugOverload/project/application/handlers/auth/logout.go:18.34,20.3 1 0
go-park-mail-ru/2022_2_BugOverload/project/application/handlers/auth/logout.go:26.55,28.2 1 0
go-park-mail-ru/2022_2_BugOverload/project/application/handlers/auth/logout.go:31.71,35.16 3 0
go-park-mail-ru/2022_2_BugOverload/project/application/handlers/auth/logout.go:40.2,43.16 3 0
go-park-mail-ru/2022_2_BugOverload/project/application/handlers/auth/logout.go:48.2,50.44 2 0
go-park-mail-ru/2022_2_BugOverload/project/application/handlers/auth/logout.go:35.16,38.3 2 0
go-park-mail-ru/2022_2_BugOverload/project/application/handlers/auth/logout.go:43.16,46.3 2 0
go-park-mail-ru/2022_2_BugOverload/project/webserver/server.go:16.82,18.16 2 0
go-park-mail-ru/2022_2_BugOverload/project/webserver/server.go:24.2,36.16 5 0
go-park-mail-ru/2022_2_BugOverload/project/webserver/server.go:18.16,22.3 2 0
go-park-mail-ru/2022_2_BugOverload/project/webserver/server.go:36.16,40.3 2 0
go-park-mail-ru/2022_2_BugOverload/project/application/database/cookie.go:21.40,26.2 1 3
go-park-mail-ru/2022_2_BugOverload/project/application/database/cookie.go:29.57,35.2 4 4
go-park-mail-ru/2022_2_BugOverload/project/application/database/cookie.go:38.54,58.2 8 2
go-park-mail-ru/2022_2_BugOverload/project/application/database/cookie.go:61.72,62.28 1 2
go-park-mail-ru/2022_2_BugOverload/project/application/database/cookie.go:66.2,69.32 3 1
go-park-mail-ru/2022_2_BugOverload/project/application/database/cookie.go:62.28,64.3 1 1
go-park-mail-ru/2022_2_BugOverload/project/application/database/cookie.go:73.70,74.28 1 2
go-park-mail-ru/2022_2_BugOverload/project/application/database/cookie.go:78.2,87.32 6 1
go-park-mail-ru/2022_2_BugOverload/project/application/database/cookie.go:74.28,76.3 1 1
go-park-mail-ru/2022_2_BugOverload/project/application/structs/user.go:23.67,24.40 1 0
go-park-mail-ru/2022_2_BugOverload/project/application/structs/user.go:28.2,28.56 1 0
go-park-mail-ru/2022_2_BugOverload/project/application/structs/user.go:32.2,33.16 2 0
go-park-mail-ru/2022_2_BugOverload/project/application/structs/user.go:36.2,36.15 1 0
go-park-mail-ru/2022_2_BugOverload/project/application/structs/user.go:43.2,44.16 2 0
go-park-mail-ru/2022_2_BugOverload/project/application/structs/user.go:48.2,48.12 1 0
go-park-mail-ru/2022_2_BugOverload/project/application/structs/user.go:24.40,26.3 1 0
go-park-mail-ru/2022_2_BugOverload/project/application/structs/user.go:28.56,30.3 1 0
go-park-mail-ru/2022_2_BugOverload/project/application/structs/user.go:33.16,35.3 1 0
go-park-mail-ru/2022_2_BugOverload/project/application/structs/user.go:36.15,38.17 2 0
go-park-mail-ru/2022_2_BugOverload/project/application/structs/user.go:38.17,40.4 1 0
go-park-mail-ru/2022_2_BugOverload/project/application/structs/user.go:44.16,46.3 1 0
go-park-mail-ru/2022_2_BugOverload/project/application/database/films.go:17.36,263.2 1 3
go-park-mail-ru/2022_2_BugOverload/project/application/database/films.go:266.53,272.2 4 5
go-park-mail-ru/2022_2_BugOverload/project/application/database/films.go:275.48,276.26 1 1
go-park-mail-ru/2022_2_BugOverload/project/application/database/films.go:276.26,281.3 3 1
go-park-mail-ru/2022_2_BugOverload/project/application/database/films.go:285.67,286.28 1 2
go-park-mail-ru/2022_2_BugOverload/project/application/database/films.go:290.2,293.32 3 1
go-park-mail-ru/2022_2_BugOverload/project/application/database/films.go:286.28,288.3 1 1
go-park-mail-ru/2022_2_BugOverload/project/application/database/films.go:297.44,302.2 3 1
go-park-mail-ru/2022_2_BugOverload/project/application/database/films.go:305.39,309.29 1 0
go-park-mail-ru/2022_2_BugOverload/project/application/database/films.go:309.29,311.3 1 0
go-park-mail-ru/2022_2_BugOverload/project/application/database/user.go:17.36,22.2 1 2
go-park-mail-ru/2022_2_BugOverload/project/application/database/user.go:25.54,31.2 4 3
go-park-mail-ru/2022_2_BugOverload/project/application/database/user.go:34.47,41.2 4 1
go-park-mail-ru/2022_2_BugOverload/project/application/database/user.go:44.68,45.27 1 2
go-park-mail-ru/2022_2_BugOverload/project/application/database/user.go:49.2,52.31 3 1
go-park-mail-ru/2022_2_BugOverload/project/application/database/user.go:45.27,47.3 1 1
go-park-mail-ru/2022_2_BugOverload/project/application/structs/film_collection.go:10.70,15.2 1 0
go-park-mail-ru/2022_2_BugOverload/project/application/handlers/content/films.go:19.62,23.2 1 0
go-park-mail-ru/2022_2_BugOverload/project/application/handlers/content/films.go:31.60,40.2 1 0
go-park-mail-ru/2022_2_BugOverload/project/application/handlers/content/films.go:43.73,45.2 1 0
go-park-mail-ru/2022_2_BugOverload/project/application/handlers/content/films.go:48.81,52.42 3 0
go-park-mail-ru/2022_2_BugOverload/project/application/handlers/content/films.go:56.2,56.34 1 0
go-park-mail-ru/2022_2_BugOverload/project/application/handlers/content/films.go:64.2,64.49 1 0
go-park-mail-ru/2022_2_BugOverload/project/application/handlers/content/films.go:70.2,72.50 2 0
go-park-mail-ru/2022_2_BugOverload/project/application/handlers/content/films.go:52.42,54.3 1 0
go-park-mail-ru/2022_2_BugOverload/project/application/handlers/content/films.go:56.34,58.17 2 0
go-park-mail-ru/2022_2_BugOverload/project/application/handlers/content/films.go:61.3,61.35 1 0
go-park-mail-ru/2022_2_BugOverload/project/application/handlers/content/films.go:58.17,59.12 1 0
go-park-mail-ru/2022_2_BugOverload/project/application/handlers/content/films.go:64.49,68.3 2 0
go-park-mail-ru/2022_2_BugOverload/project/application/handlers/content/films.go:81.61,90.2 1 0
go-park-mail-ru/2022_2_BugOverload/project/application/handlers/content/films.go:93.74,95.2 1 0
go-park-mail-ru/2022_2_BugOverload/project/application/handlers/content/films.go:98.82,103.38 3 0
go-park-mail-ru/2022_2_BugOverload/project/application/handlers/content/films.go:106.2,106.43 1 0
go-park-mail-ru/2022_2_BugOverload/project/application/handlers/content/films.go:110.2,110.44 1 0
go-park-mail-ru/2022_2_BugOverload/project/application/handlers/content/films.go:119.2,119.46 1 0
go-park-mail-ru/2022_2_BugOverload/project/application/handlers/content/films.go:125.2,127.50 2 0
go-park-mail-ru/2022_2_BugOverload/project/application/handlers/content/films.go:103.38,105.3 1 0
go-park-mail-ru/2022_2_BugOverload/project/application/handlers/content/films.go:106.43,108.3 1 0
go-park-mail-ru/2022_2_BugOverload/project/application/handlers/content/films.go:110.44,112.17 2 0
go-park-mail-ru/2022_2_BugOverload/project/application/handlers/content/films.go:116.3,116.32 1 0
go-park-mail-ru/2022_2_BugOverload/project/application/handlers/content/films.go:112.17,113.12 1 0
go-park-mail-ru/2022_2_BugOverload/project/application/handlers/content/films.go:119.46,123.3 2 0
go-park-mail-ru/2022_2_BugOverload/project/application/handlers/content/films.go:136.61,146.2 1 0
go-park-mail-ru/2022_2_BugOverload/project/application/handlers/content/films.go:149.64,151.2 1 0
go-park-mail-ru/2022_2_BugOverload/project/application/handlers/content/films.go:154.84,160.14 4 0
go-park-mail-ru/2022_2_BugOverload/project/application/handlers/content/films.go:165.2,166.16 2 0
go-park-mail-ru/2022_2_BugOverload/project/application/handlers/content/films.go:171.2,175.50 3 0
go-park-mail-ru/2022_2_BugOverload/project/application/handlers/content/films.go:160.14,163.3 2 0
go-park-mail-ru/2022_2_BugOverload/project/application/handlers/content/films.go:166.16,169.3 2 0
